#
# There is insufficient memory for the Java Runtime Environment to continue.
# Native memory allocation (malloc) failed to allocate 1060016 bytes for Chunk::new
# Possible reasons:
#   The system is out of physical RAM or swap space
#   In 32 bit mode, the process size limit was hit
# Possible solutions:
#   Reduce memory load on the system
#   Increase physical memory or swap space
#   Check if swap backing store is full
#   Use 64 bit Java on a 64 bit OS
#   Decrease Java heap size (-Xmx/-Xms)
#   Decrease number of Java threads
#   Decrease Java thread stack sizes (-Xss)
#   Set larger code cache with -XX:ReservedCodeCacheSize=
# This output file may be truncated or incomplete.
#
#  Out of Memory Error (allocation.cpp:390), pid=9484, tid=0x0000000000002664
#
# JRE version: Java(TM) SE Runtime Environment (8.0_144-b01) (build 1.8.0_144-b01)
# Java VM: Java HotSpot(TM) 64-Bit Server VM (25.144-b01 mixed mode windows-amd64 compressed oops)
# Failed to write core dump. Minidumps are not enabled by default on client versions of Windows
#

---------------  T H R E A D  ---------------

Current thread (0x000000001e307800):  JavaThread "C2 CompilerThread6" daemon [_thread_in_native, id=9828, stack(0x0000000020530000,0x0000000020630000)]

Stack: [0x0000000020530000,0x0000000020630000]
[error occurred during error reporting (printing stack bounds), id 0xc0000005]

Native frames: (J=compiled Java code, j=interpreted, Vv=VM code, C=native code)


Current CompileTask:
C2:   4853 4098   !   4       com.sun.beans.TypeResolver::resolve (274 bytes)


---------------  P R O C E S S  ---------------

Java Threads: ( => current thread )
  0x000000001e550800 JavaThread "surefire-forkedjvm-ping-30s" daemon [_thread_blocked, id=18192, stack(0x0000000020f30000,0x0000000021030000)]
  0x000000001e4b6000 JavaThread "surefire-forkedjvm-command-thread" daemon [_thread_in_native, id=4504, stack(0x0000000020e30000,0x0000000020f30000)]
  0x000000001e3ce800 JavaThread "Service Thread" daemon [_thread_blocked, id=17188, stack(0x0000000020c30000,0x0000000020d30000)]
  0x000000001e379000 JavaThread "C1 CompilerThread11" daemon [_thread_in_native, id=8676, stack(0x0000000020b30000,0x0000000020c30000)]
  0x000000001e35c000 JavaThread "C1 CompilerThread10" daemon [_thread_blocked, id=17052, stack(0x0000000020a30000,0x0000000020b30000)]
  0x000000001e353800 JavaThread "C1 CompilerThread9" daemon [_thread_in_vm, id=15092, stack(0x0000000020930000,0x0000000020a30000)]
  0x000000001e343000 JavaThread "C1 CompilerThread8" daemon [_thread_in_vm, id=4896, stack(0x0000000020730000,0x0000000020830000)]
  0x000000001e318800 JavaThread "C2 CompilerThread7" daemon [_thread_in_native, id=19460, stack(0x0000000020630000,0x0000000020730000)]
=>0x000000001e307800 JavaThread "C2 CompilerThread6" daemon [_thread_in_native, id=9828, stack(0x0000000020530000,0x0000000020630000)]
  0x000000001e2dd800 JavaThread "C2 CompilerThread5" daemon [_thread_in_native, id=1512, stack(0x0000000020430000,0x0000000020530000)]
  0x000000001e2d0800 JavaThread "C2 CompilerThread4" daemon [_thread_in_native, id=4664, stack(0x0000000020330000,0x0000000020430000)]
  0x000000001e2c8000 JavaThread "C2 CompilerThread3" daemon [_thread_in_native, id=16652, stack(0x0000000020230000,0x0000000020330000)]
  0x000000001e2c5000 JavaThread "C2 CompilerThread2" daemon [_thread_in_native, id=17716, stack(0x0000000020130000,0x0000000020230000)]
  0x000000001e2bd000 JavaThread "C2 CompilerThread1" daemon [_thread_in_vm, id=20316, stack(0x0000000020030000,0x0000000020130000)]
  0x000000001e2bb000 JavaThread "C2 CompilerThread0" daemon [_thread_blocked, id=1604, stack(0x000000001ff30000,0x0000000020030000)]
  0x000000001e2ba800 JavaThread "Attach Listener" daemon [_thread_blocked, id=4200, stack(0x000000001fe30000,0x000000001ff30000)]
  0x000000001e2b5000 JavaThread "Signal Dispatcher" daemon [_thread_blocked, id=18872, stack(0x000000001fd30000,0x000000001fe30000)]
  0x000000001e2a6800 JavaThread "Finalizer" daemon [_thread_blocked, id=5068, stack(0x000000001fb10000,0x000000001fc10000)]
  0x000000001c82b000 JavaThread "Reference Handler" daemon [_thread_blocked, id=5704, stack(0x000000001fa10000,0x000000001fb10000)]
  0x0000000000c4e800 JavaThread "main" [_thread_in_Java, id=1372, stack(0x0000000002670000,0x0000000002770000)]

Other Threads:
  0x000000001e283800 VMThread [stack: 0x000000001f910000,0x000000001fa10000] [id=13052]
  0x000000001e3d7800 WatcherThread [stack: 0x0000000020d30000,0x0000000020e30000] [id=17760]

VM state:not at safepoint (normal execution)

VM Mutex/Monitor currently owned by a thread: None

Heap:
 PSYoungGen      total 142336K, used 19494K [0x000000076ae00000, 0x0000000774980000, 0x00000007c0000000)
  eden space 131584K, 14% used [0x000000076ae00000,0x000000076c109930,0x0000000772e80000)
  from space 10752K, 0% used [0x0000000773a00000,0x0000000773a00000,0x0000000774480000)
  to   space 11776K, 0% used [0x0000000772e80000,0x0000000772e80000,0x0000000773a00000)
 ParOldGen       total 116224K, used 15914K [0x00000006c0a00000, 0x00000006c7b80000, 0x000000076ae00000)
  object space 116224K, 13% used [0x00000006c0a00000,0x00000006c198a9c8,0x00000006c7b80000)
 Metaspace       used 33089K, capacity 35805K, committed 35880K, reserved 1081344K
  class space    used 4383K, capacity 4857K, committed 4912K, reserved 1048576K

Card table byte_map: [0x0000000011c30000,0x0000000012430000] byte_map_base: 0x000000000e62b000

Marking Bits: (ParMarkBitMap*) 0x0000000073eed850
 Begin Bits: [0x0000000013690000, 0x0000000017668000)
 End Bits:   [0x0000000017668000, 0x000000001b640000)

Polling page: 0x0000000000600000

CodeCache: size=245760Kb used=17601Kb max_used=17601Kb free=228158Kb
 bounds [0x0000000002870000, 0x00000000039b0000, 0x0000000011870000]
 total_blobs=4637 nmethods=4229 adapters=317
 compilation: enabled

Compilation events (10 events):
Event: 4.835 Thread 0x000000001e35c000 nmethod 4221 0x0000000003968cd0 code [0x0000000003968e40, 0x0000000003969188]
Event: 4.835 Thread 0x000000001e353800 nmethod 4222 0x00000000039686d0 code [0x0000000003968840, 0x0000000003968b28]
Event: 4.837 Thread 0x000000001e343000 4224   !   3       org.springframework.beans.factory.support.DefaultSingletonBeanRegistry::addSingleton (65 bytes)
Event: 4.838 Thread 0x000000001e343000 nmethod 4224 0x0000000003997990 code [0x0000000003997b40, 0x0000000003998178]
Event: 4.838 Thread 0x000000001e2dd800 nmethod 4213 0x000000000399ec50 code [0x000000000399eec0, 0x00000000039a0140]
Event: 4.839 Thread 0x000000001e2bb000 nmethod 4218 0x00000000039a14d0 code [0x00000000039a1680, 0x00000000039a1c10]
Event: 4.842 Thread 0x000000001e2c5000 4225       4       java.lang.reflect.Method::specificToGenericStringHeader (48 bytes)
Event: 4.843 Thread 0x000000001e35c000 4226       3       java.beans.FeatureDescriptor::<init> (137 bytes)
Event: 4.844 Thread 0x000000001e35c000 nmethod 4226 0x000000000399d3d0 code [0x000000000399d600, 0x000000000399e6b8]
Event: 4.845 Thread 0x000000001e2bd000 4227       4       org.springframework.core.ResolvableType::forType (115 bytes)

GC Heap History (10 events):
Event: 2.534 GC heap before
{Heap before GC invocations=4 (full 1):
 PSYoungGen      total 76288K, used 65536K [0x000000076ae00000, 0x0000000770300000, 0x00000007c0000000)
  eden space 65536K, 100% used [0x000000076ae00000,0x000000076ee00000,0x000000076ee00000)
  from space 10752K, 0% used [0x000000076f880000,0x000000076f880000,0x0000000770300000)
  to   space 10752K, 0% used [0x000000076ee00000,0x000000076ee00000,0x000000076f880000)
 ParOldGen       total 116224K, used 9627K [0x00000006c0a00000, 0x00000006c7b80000, 0x000000076ae00000)
  object space 116224K, 8% used [0x00000006c0a00000,0x00000006c1366dd0,0x00000006c7b80000)
 Metaspace       used 23310K, capacity 24966K, committed 25136K, reserved 1071104K
  class space    used 3025K, capacity 3335K, committed 3376K, reserved 1048576K
Event: 2.539 GC heap after
Heap after GC invocations=4 (full 1):
 PSYoungGen      total 76288K, used 8517K [0x000000076ae00000, 0x0000000771e00000, 0x00000007c0000000)
  eden space 65536K, 0% used [0x000000076ae00000,0x000000076ae00000,0x000000076ee00000)
  from space 10752K, 79% used [0x000000076ee00000,0x000000076f651478,0x000000076f880000)
  to   space 10752K, 0% used [0x0000000771380000,0x0000000771380000,0x0000000771e00000)
 ParOldGen       total 116224K, used 9635K [0x00000006c0a00000, 0x00000006c7b80000, 0x000000076ae00000)
  object space 116224K, 8% used [0x00000006c0a00000,0x00000006c1368dd0,0x00000006c7b80000)
 Metaspace       used 23310K, capacity 24966K, committed 25136K, reserved 1071104K
  class space    used 3025K, capacity 3335K, committed 3376K, reserved 1048576K
}
Event: 3.186 GC heap before
{Heap before GC invocations=5 (full 1):
 PSYoungGen      total 76288K, used 74053K [0x000000076ae00000, 0x0000000771e00000, 0x00000007c0000000)
  eden space 65536K, 100% used [0x000000076ae00000,0x000000076ee00000,0x000000076ee00000)
  from space 10752K, 79% used [0x000000076ee00000,0x000000076f651478,0x000000076f880000)
  to   space 10752K, 0% used [0x0000000771380000,0x0000000771380000,0x0000000771e00000)
 ParOldGen       total 116224K, used 9635K [0x00000006c0a00000, 0x00000006c7b80000, 0x000000076ae00000)
  object space 116224K, 8% used [0x00000006c0a00000,0x00000006c1368dd0,0x00000006c7b80000)
 Metaspace       used 26884K, capacity 28712K, committed 28976K, reserved 1075200K
  class space    used 3495K, capacity 3842K, committed 3888K, reserved 1048576K
Event: 3.191 GC heap after
Heap after GC invocations=5 (full 1):
 PSYoungGen      total 103936K, used 7817K [0x000000076ae00000, 0x0000000771e80000, 0x00000007c0000000)
  eden space 93184K, 0% used [0x000000076ae00000,0x000000076ae00000,0x0000000770900000)
  from space 10752K, 72% used [0x0000000771380000,0x0000000771b22598,0x0000000771e00000)
  to   space 10752K, 0% used [0x0000000770900000,0x0000000770900000,0x0000000771380000)
 ParOldGen       total 116224K, used 9643K [0x00000006c0a00000, 0x00000006c7b80000, 0x000000076ae00000)
  object space 116224K, 8% used [0x00000006c0a00000,0x00000006c136add0,0x00000006c7b80000)
 Metaspace       used 26884K, capacity 28712K, committed 28976K, reserved 1075200K
  class space    used 3495K, capacity 3842K, committed 3888K, reserved 1048576K
}
Event: 4.019 GC heap before
{Heap before GC invocations=6 (full 1):
 PSYoungGen      total 103936K, used 101001K [0x000000076ae00000, 0x0000000771e80000, 0x00000007c0000000)
  eden space 93184K, 100% used [0x000000076ae00000,0x0000000770900000,0x0000000770900000)
  from space 10752K, 72% used [0x0000000771380000,0x0000000771b22598,0x0000000771e00000)
  to   space 10752K, 0% used [0x0000000770900000,0x0000000770900000,0x0000000771380000)
 ParOldGen       total 116224K, used 9643K [0x00000006c0a00000, 0x00000006c7b80000, 0x000000076ae00000)
  object space 116224K, 8% used [0x00000006c0a00000,0x00000006c136add0,0x00000006c7b80000)
 Metaspace       used 30230K, capacity 32492K, committed 32560K, reserved 1077248K
  class space    used 3972K, capacity 4390K, committed 4400K, reserved 1048576K
Event: 4.025 GC heap after
Heap after GC invocations=6 (full 1):
 PSYoungGen      total 103936K, used 9165K [0x000000076ae00000, 0x0000000774480000, 0x00000007c0000000)
  eden space 93184K, 0% used [0x000000076ae00000,0x000000076ae00000,0x0000000770900000)
  from space 10752K, 85% used [0x0000000770900000,0x00000007711f3708,0x0000000771380000)
  to   space 10752K, 0% used [0x0000000773a00000,0x0000000773a00000,0x0000000774480000)
 ParOldGen       total 116224K, used 9651K [0x00000006c0a00000, 0x00000006c7b80000, 0x000000076ae00000)
  object space 116224K, 8% used [0x00000006c0a00000,0x00000006c136cdd0,0x00000006c7b80000)
 Metaspace       used 30230K, capacity 32492K, committed 32560K, reserved 1077248K
  class space    used 3972K, capacity 4390K, committed 4400K, reserved 1048576K
}
Event: 4.666 GC heap before
{Heap before GC invocations=7 (full 1):
 PSYoungGen      total 103936K, used 87879K [0x000000076ae00000, 0x0000000774480000, 0x00000007c0000000)
  eden space 93184K, 84% used [0x000000076ae00000,0x000000076fade630,0x0000000770900000)
  from space 10752K, 85% used [0x0000000770900000,0x00000007711f3708,0x0000000771380000)
  to   space 10752K, 0% used [0x0000000773a00000,0x0000000773a00000,0x0000000774480000)
 ParOldGen       total 116224K, used 9651K [0x00000006c0a00000, 0x00000006c7b80000, 0x000000076ae00000)
  object space 116224K, 8% used [0x00000006c0a00000,0x00000006c136cdd0,0x00000006c7b80000)
 Metaspace       used 32583K, capacity 35257K, committed 35496K, reserved 1079296K
  class space    used 4306K, capacity 4784K, committed 4784K, reserved 1048576K
Event: 4.674 GC heap after
Heap after GC invocations=7 (full 1):
 PSYoungGen      total 142336K, used 10732K [0x000000076ae00000, 0x0000000774980000, 0x00000007c0000000)
  eden space 131584K, 0% used [0x000000076ae00000,0x000000076ae00000,0x0000000772e80000)
  from space 10752K, 99% used [0x0000000773a00000,0x000000077447b308,0x0000000774480000)
  to   space 11776K, 0% used [0x0000000772e80000,0x0000000772e80000,0x0000000773a00000)
 ParOldGen       total 116224K, used 10600K [0x00000006c0a00000, 0x00000006c7b80000, 0x000000076ae00000)
  object space 116224K, 9% used [0x00000006c0a00000,0x00000006c145a2e8,0x00000006c7b80000)
 Metaspace       used 32583K, capacity 35257K, committed 35496K, reserved 1079296K
  class space    used 4306K, capacity 4784K, committed 4784K, reserved 1048576K
}
Event: 4.674 GC heap before
{Heap before GC invocations=8 (full 2):
 PSYoungGen      total 142336K, used 10732K [0x000000076ae00000, 0x0000000774980000, 0x00000007c0000000)
  eden space 131584K, 0% used [0x000000076ae00000,0x000000076ae00000,0x0000000772e80000)
  from space 10752K, 99% used [0x0000000773a00000,0x000000077447b308,0x0000000774480000)
  to   space 11776K, 0% used [0x0000000772e80000,0x0000000772e80000,0x0000000773a00000)
 ParOldGen       total 116224K, used 10600K [0x00000006c0a00000, 0x00000006c7b80000, 0x000000076ae00000)
  object space 116224K, 9% used [0x00000006c0a00000,0x00000006c145a2e8,0x00000006c7b80000)
 Metaspace       used 32583K, capacity 35257K, committed 35496K, reserved 1079296K
  class space    used 4306K, capacity 4784K, committed 4784K, reserved 1048576K
Event: 4.722 GC heap after
Heap after GC invocations=8 (full 2):
 PSYoungGen      total 142336K, used 0K [0x000000076ae00000, 0x0000000774980000, 0x00000007c0000000)
  eden space 131584K, 0% used [0x000000076ae00000,0x000000076ae00000,0x0000000772e80000)
  from space 10752K, 0% used [0x0000000773a00000,0x0000000773a00000,0x0000000774480000)
  to   space 11776K, 0% used [0x0000000772e80000,0x0000000772e80000,0x0000000773a00000)
 ParOldGen       total 116224K, used 15914K [0x00000006c0a00000, 0x00000006c7b80000, 0x000000076ae00000)
  object space 116224K, 13% used [0x00000006c0a00000,0x00000006c198a9c8,0x00000006c7b80000)
 Metaspace       used 32583K, capacity 35257K, committed 35496K, reserved 1079296K
  class space    used 4306K, capacity 4784K, committed 4784K, reserved 1048576K
}

Deoptimization events (10 events):
Event: 3.936 Thread 0x0000000000c4e800 Uncommon trap: reason=class_check action=maybe_recompile pc=0x00000000031cb978 method=java.util.concurrent.ConcurrentHashMap.putVal(Ljava/lang/Object;Ljava/lang/Object;Z)Ljava/lang/Object; @ 192
Event: 3.964 Thread 0x0000000000c4e800 Uncommon trap: reason=class_check action=maybe_recompile pc=0x00000000031cb978 method=java.util.concurrent.ConcurrentHashMap.putVal(Ljava/lang/Object;Ljava/lang/Object;Z)Ljava/lang/Object; @ 192
Event: 4.026 Thread 0x000000001e2a6800 Uncommon trap: reason=unstable_if action=reinterpret pc=0x00000000031def50 method=java.lang.ref.Finalizer.remove()V @ 10
Event: 4.026 Thread 0x000000001e2a6800 Uncommon trap: reason=unstable_if action=reinterpret pc=0x00000000031e1538 method=java.lang.ref.Finalizer.remove()V @ 10
Event: 4.026 Thread 0x000000001e2a6800 Uncommon trap: reason=unstable_if action=reinterpret pc=0x00000000031d3d34 method=java.lang.ref.Finalizer.remove()V @ 10
Event: 4.407 Thread 0x0000000000c4e800 Uncommon trap: reason=unstable_if action=reinterpret pc=0x000000000305e0cc method=java.io.WinNTFileSystem.isLetter(C)Z @ 15
Event: 4.576 Thread 0x0000000000c4e800 Uncommon trap: reason=unstable_if action=reinterpret pc=0x00000000038b3130 method=org.springframework.beans.factory.support.AbstractBeanFactory.isTypeMatch(Ljava/lang/String;Lorg/springframework/core/ResolvableType;Z)Z @ 559
Event: 4.722 Thread 0x0000000000c4e800 Uncommon trap: reason=unstable_if action=reinterpret pc=0x0000000003642ab8 method=java.lang.invoke.MethodType$ConcurrentWeakInternSet$WeakEntry.equals(Ljava/lang/Object;)Z @ 21
Event: 4.786 Thread 0x0000000000c4e800 Uncommon trap: reason=bimorphic action=maybe_recompile pc=0x0000000002e28738 method=java.util.HashMap.putVal(ILjava/lang/Object;Ljava/lang/Object;ZZ)Ljava/lang/Object; @ 203
Event: 4.788 Thread 0x0000000000c4e800 Uncommon trap: reason=bimorphic action=maybe_recompile pc=0x0000000002e28738 method=java.util.HashMap.putVal(ILjava/lang/Object;Ljava/lang/Object;ZZ)Ljava/lang/Object; @ 203

Internal exceptions (10 events):
Event: 4.845 Thread 0x0000000000c4e800 Exception <a 'java/lang/ClassNotFoundException': org/springframework/web/servlet/handler/MatchableHandlerMappingCustomizer> (0x000000076bdfd1e0) thrown at [C:\re\workspace\8-2-build-windows-amd64-cygwin\jdk8u144\9417\hotspot\src\share\vm\classfile\systemD
Event: 4.846 Thread 0x0000000000c4e800 Exception <a 'java/lang/ClassNotFoundException': org/springframework/web/servlet/HandlerMappingCustomizer> (0x000000076be1ac08) thrown at [C:\re\workspace\8-2-build-windows-amd64-cygwin\jdk8u144\9417\hotspot\src\share\vm\classfile\systemDictionary.cpp, li
Event: 4.847 Thread 0x0000000000c4e800 Exception <a 'java/lang/ClassNotFoundException': org/springframework/web/servlet/HandlerMappingCustomizer> (0x000000076be377e0) thrown at [C:\re\workspace\8-2-build-windows-amd64-cygwin\jdk8u144\9417\hotspot\src\share\vm\classfile\systemDictionary.cpp, li
Event: 4.847 Thread 0x0000000000c4e800 Exception <a 'java/lang/ClassNotFoundException': org/springframework/core/OrderedCustomizer> (0x000000076be4f228) thrown at [C:\re\workspace\8-2-build-windows-amd64-cygwin\jdk8u144\9417\hotspot\src\share\vm\classfile\systemDictionary.cpp, line 210]
Event: 4.848 Thread 0x0000000000c4e800 Exception <a 'java/lang/ClassNotFoundException': org/springframework/beans/factory/BeanNameAwareCustomizer> (0x000000076be6b9b8) thrown at [C:\re\workspace\8-2-build-windows-amd64-cygwin\jdk8u144\9417\hotspot\src\share\vm\classfile\systemDictionary.cpp, l
Event: 4.849 Thread 0x0000000000c4e800 Exception <a 'java/lang/ClassNotFoundException': org/springframework/beans/factory/AwareCustomizer> (0x000000076be85c18) thrown at [C:\re\workspace\8-2-build-windows-amd64-cygwin\jdk8u144\9417\hotspot\src\share\vm\classfile\systemDictionary.cpp, line 210]
Event: 4.849 Thread 0x0000000000c4e800 Exception <a 'java/lang/ClassNotFoundException': org/springframework/web/context/ServletContextAwareCustomizer> (0x000000076bea3278) thrown at [C:\re\workspace\8-2-build-windows-amd64-cygwin\jdk8u144\9417\hotspot\src\share\vm\classfile\systemDictionary.cp
Event: 4.850 Thread 0x0000000000c4e800 Exception <a 'java/lang/ClassNotFoundException': org/springframework/beans/factory/AwareCustomizer> (0x000000076bebd568) thrown at [C:\re\workspace\8-2-build-windows-amd64-cygwin\jdk8u144\9417\hotspot\src\share\vm\classfile\systemDictionary.cpp, line 210]
Event: 4.851 Thread 0x0000000000c4e800 Exception <a 'java/lang/ClassNotFoundException': org/springframework/context/ApplicationContextAwareCustomizer> (0x000000076bedab80) thrown at [C:\re\workspace\8-2-build-windows-amd64-cygwin\jdk8u144\9417\hotspot\src\share\vm\classfile\systemDictionary.cp
Event: 4.851 Thread 0x0000000000c4e800 Exception <a 'java/lang/ClassNotFoundException': org/springframework/beans/factory/AwareCustomizer> (0x000000076bef5408) thrown at [C:\re\workspace\8-2-build-windows-amd64-cygwin\jdk8u144\9417\hotspot\src\share\vm\classfile\systemDictionary.cpp, line 210]

Events (10 events):
Event: 4.850 loading class org/springframework/context/ApplicationContextAwareCustomizer
Event: 4.850 loading class org/springframework/context/ApplicationContextAwareCustomizer done
Event: 4.851 loading class org/springframework/context/ApplicationContextAwareCustomizer
Event: 4.851 loading class org/springframework/context/ApplicationContextAwareCustomizer done
Event: 4.851 loading class org/springframework/beans/factory/AwareCustomizer
Event: 4.851 loading class org/springframework/beans/factory/AwareCustomizer done
Event: 4.851 loading class org/springframework/beans/factory/AwareCustomizer
Event: 4.851 loading class org/springframework/beans/factory/AwareCustomizer done
Event: 4.851 loading class org/springframework/beans/factory/AwareCustomizer
Event: 4.851 loading class org/springframework/beans/factory/AwareCustomizer done


Dynamic libraries:
0x00007ff692690000 - 0x00007ff6926c7000 	C:\Program Files\Java\jdk1.8.0_144\jre\bin\java.exe
0x00007ffe95c50000 - 0x00007ffe95e46000 	C:\WINDOWS\SYSTEM32\ntdll.dll
0x00007ffe93dd0000 - 0x00007ffe93e8d000 	C:\WINDOWS\System32\KERNEL32.DLL
0x00007ffe935b0000 - 0x00007ffe93879000 	C:\WINDOWS\System32\KERNELBASE.dll
0x00007ffe956f0000 - 0x00007ffe9579c000 	C:\WINDOWS\System32\ADVAPI32.dll
0x00007ffe94850000 - 0x00007ffe948ee000 	C:\WINDOWS\System32\msvcrt.dll
0x00007ffe93d30000 - 0x00007ffe93dcc000 	C:\WINDOWS\System32\sechost.dll
0x00007ffe952f0000 - 0x00007ffe9541b000 	C:\WINDOWS\System32\RPCRT4.dll
0x00007ffe940c0000 - 0x00007ffe94260000 	C:\WINDOWS\System32\USER32.dll
0x00007ffe93580000 - 0x00007ffe935a2000 	C:\WINDOWS\System32\win32u.dll
0x00007ffe94b70000 - 0x00007ffe94b9a000 	C:\WINDOWS\System32\GDI32.dll
0x00007ffe93420000 - 0x00007ffe93529000 	C:\WINDOWS\System32\gdi32full.dll
0x00007ffe93880000 - 0x00007ffe9391d000 	C:\WINDOWS\System32\msvcp_win.dll
0x00007ffe93bb0000 - 0x00007ffe93cb0000 	C:\WINDOWS\System32\ucrtbase.dll
0x00007ffe7e800000 - 0x00007ffe7ea9b000 	C:\WINDOWS\WinSxS\amd64_microsoft.windows.common-controls_6595b64144ccf1df_6.0.19041.488_none_ca04af081b815d21\COMCTL32.dll
0x00007ffe948f0000 - 0x00007ffe94920000 	C:\WINDOWS\System32\IMM32.DLL
0x0000000073f70000 - 0x0000000074042000 	C:\Program Files\Java\jdk1.8.0_144\jre\bin\msvcr100.dll
0x00000000736d0000 - 0x0000000073f6d000 	C:\Program Files\Java\jdk1.8.0_144\jre\bin\server\jvm.dll
0x00007ffe94a10000 - 0x00007ffe94a18000 	C:\WINDOWS\System32\PSAPI.DLL
0x00007ffe878a0000 - 0x00007ffe878c7000 	C:\WINDOWS\SYSTEM32\WINMM.dll
0x00007ffe83eb0000 - 0x00007ffe83eb9000 	C:\WINDOWS\SYSTEM32\WSOCK32.dll
0x00007ffe88780000 - 0x00007ffe8878a000 	C:\WINDOWS\SYSTEM32\VERSION.dll
0x00007ffe942e0000 - 0x00007ffe9434b000 	C:\WINDOWS\System32\WS2_32.dll
0x0000000074f00000 - 0x0000000074f0f000 	C:\Program Files\Java\jdk1.8.0_144\jre\bin\verify.dll
0x0000000074ed0000 - 0x0000000074ef9000 	C:\Program Files\Java\jdk1.8.0_144\jre\bin\java.dll
0x0000000074eb0000 - 0x0000000074ec6000 	C:\Program Files\Java\jdk1.8.0_144\jre\bin\zip.dll
0x00007ffe94ba0000 - 0x00007ffe952e2000 	C:\WINDOWS\System32\SHELL32.dll
0x00007ffe914c0000 - 0x00007ffe91c55000 	C:\WINDOWS\SYSTEM32\windows.storage.dll
0x00007ffe94430000 - 0x00007ffe94786000 	C:\WINDOWS\System32\combase.dll
0x00007ffe92d30000 - 0x00007ffe92d5c000 	C:\WINDOWS\SYSTEM32\Wldp.dll
0x00007ffe93f40000 - 0x00007ffe93fee000 	C:\WINDOWS\System32\SHCORE.dll
0x00007ffe94280000 - 0x00007ffe942d5000 	C:\WINDOWS\System32\shlwapi.dll
0x00007ffe932c0000 - 0x00007ffe932e6000 	C:\WINDOWS\SYSTEM32\profapi.dll
0x0000000073280000 - 0x000000007328d000 	C:\Program Files\Java\jdk1.8.0_144\jre\bin\management.dll
0x0000000074e90000 - 0x0000000074eaa000 	C:\Program Files\Java\jdk1.8.0_144\jre\bin\net.dll
0x00007ffe92ab0000 - 0x00007ffe92b1a000 	C:\WINDOWS\system32\mswsock.dll
0x0000000074e70000 - 0x0000000074e81000 	C:\Program Files\Java\jdk1.8.0_144\jre\bin\nio.dll
0x00007ffe927c0000 - 0x00007ffe927fb000 	C:\WINDOWS\SYSTEM32\IPHLPAPI.DLL
0x00007ffe94a20000 - 0x00007ffe94a28000 	C:\WINDOWS\System32\NSI.dll
0x00007ffe8d7f0000 - 0x00007ffe8d807000 	C:\WINDOWS\SYSTEM32\dhcpcsvc6.DLL
0x00007ffe8d7d0000 - 0x00007ffe8d7ed000 	C:\WINDOWS\SYSTEM32\dhcpcsvc.DLL
0x00007ffe92800000 - 0x00007ffe928cb000 	C:\WINDOWS\SYSTEM32\DNSAPI.dll
0x00007ffe8a130000 - 0x00007ffe8a13a000 	C:\Windows\System32\rasadhlp.dll
0x00007ffe8c9e0000 - 0x00007ffe8ca5f000 	C:\WINDOWS\System32\fwpuclnt.dll
0x00007ffe933f0000 - 0x00007ffe93417000 	C:\WINDOWS\System32\bcrypt.dll
0x00007ffe789d0000 - 0x00007ffe789e7000 	C:\WINDOWS\system32\napinsp.dll
0x00007ffe789f0000 - 0x00007ffe78a0b000 	C:\WINDOWS\system32\pnrpnsp.dll
0x00007ffe78af0000 - 0x00007ffe78b05000 	C:\WINDOWS\system32\wshbth.dll
0x00007ffe8f1b0000 - 0x00007ffe8f1cd000 	C:\WINDOWS\system32\NLAapi.dll
0x00007ffe78b10000 - 0x00007ffe78b22000 	C:\WINDOWS\System32\winrnr.dll

VM Arguments:
java_command: C:\Users\cuore\AppData\Local\Temp\surefire1336506929000958090\surefirebooter1411273435863112042.jar C:\Users\cuore\AppData\Local\Temp\surefire1336506929000958090 2020-12-12T21-13-35_936-jvmRun1 surefire8875815439335891123tmp surefire_03241368941023133759tmp
java_class_path (initial): C:\Users\cuore\AppData\Local\Temp\surefire1336506929000958090\surefirebooter1411273435863112042.jar
Launcher Type: SUN_STANDARD

Environment Variables:
JAVA_HOME=C:/Program Files/Java/jdk1.8.0_144
PATH=C:\Users\cuore\bin;C:\Program Files\Git\mingw64\bin;C:\Program Files\Git\usr\local\bin;C:\Program Files\Git\usr\bin;C:\Program Files\Git\usr\bin;C:\Program Files\Git\mingw64\bin;C:\Program Files\Git\usr\bin;C:\Users\cuore\bin;C:\programdata\oracle\java\javapath;C:\windows\system32;C:\windows;C:\windows\system32\wbem;C:\windows\system32\windowspowershell\v1.0;C:\windows\system32\openssh;C:\program files (x86)\calibre2;D:\Brackets\command;C:\Program Files\nodejs;C:\ProgramData\chocolatey\bin;C:\Program Files\Git\cmd;C:\Program Files\TortoiseSVN\bin;C:\ProgramData\chocolatey\lib\maven\apache-maven-3.6.3\bin;C:\WINDOWS\system32;C:\WINDOWS;C:\WINDOWS\System32\Wbem;C:\WINDOWS\System32\WindowsPowerShell\v1.0;C:\WINDOWS\System32\OpenSSH;C:\Program Files\Docker\Docker\resources\bin;C:\ProgramData\DockerDesktop\version-bin;C:\Users\cuore\AppData\Local\Microsoft\WindowsApps;C:\Users\cuore\AppData\Roaming\npm;C:\Users\cuore\AppData\Local\Programs\Microsoft VS Code\bin;C:\Program Files\TortoiseSVN\bin;C:\Users\cuore\.deno\bin;C:\Program Files\Git\usr\bin\vendor_perl;C:\Program Files\Git\usr\bin\core_perl
USERNAME=cuore
SHELL=C:\Program Files\Git\usr\bin\bash.exe
DISPLAY=needs-to-be-defined
OS=Windows_NT
PROCESSOR_IDENTIFIER=AMD64 Family 23 Model 1 Stepping 1, AuthenticAMD



---------------  S Y S T E M  ---------------

OS: Windows 10.0 , 64 bit Build 19041 (10.0.19041.662)

CPU:total 16 (initial active 16) (16 cores per cpu, 1 threads per core) family 23 model 1 stepping 1, cmov, cx8, fxsr, mmx, sse, sse2, sse3, ssse3, sse4.1, sse4.2, popcnt, avx, avx2, aes, clmul, mmxext, 3dnowpref, lzcnt, sse4a, tsc, tscinvbit, tscinv, bmi1

Memory: 4k page, physical 16728316k(5272580k free), swap 16728316k(5124k free)

vm_info: Java HotSpot(TM) 64-Bit Server VM (25.144-b01) for windows-amd64 JRE (1.8.0_144-b01), built on Jul 21 2017 21:57:33 by "java_re" with MS VC++ 10.0 (VS2010)

time: Sat Dec 12 21:13:41 2020
elapsed time: 4 seconds (0d 0h 0m 4s)

