#
# A fatal error has been detected by the Java Runtime Environment:
#
#  EXCEPTION_STACK_OVERFLOW (0xc00000fd) at pc=0x0000000003173f18, pid=3388, tid=0x0000000000000d18
#
# JRE version: Java(TM) SE Runtime Environment (8.0_144-b01) (build 1.8.0_144-b01)
# Java VM: Java HotSpot(TM) 64-Bit Server VM (25.144-b01 mixed mode windows-amd64 compressed oops)
# Problematic frame:
# J 750  java.lang.Thread.isInterrupted(Z)Z (0 bytes) @ 0x0000000003173f18 [0x0000000003173f00+0x18]
#
# Failed to write core dump. Minidumps are not enabled by default on client versions of Windows
#
# If you would like to submit a bug report, please visit:
#   http://bugreport.java.com/bugreport/crash.jsp
#

---------------  T H R E A D  ---------------

Current thread (0x000000002362d000):  JavaThread "http-nio-8080-exec-10" daemon [_thread_in_Java, id=3352, stack(0x0000000028a70000,0x0000000028b70000)]

siginfo: ExceptionCode=0xc00000fd, ExceptionInformation=0x0000000000000001 0x0000000028b68fa8 

Registers:
RAX=0x000000076dd2d898, RBX=0x000000076dd2b4e0, RCX=0x0000000028b6f660, RDX=0x000000076dd2d898
RSP=0x0000000028b6efa8, RBP=0x0000000028b6f590, RSI=0x000000076dd2b4c0, RDI=0x000000076dd2b4d0
R8 =0x0000000000000001, R9 =0x0000000000000001, R10=0x00000007c0446890, R11=0x00000000000004e8
R12=0x0000000000000000, R13=0x0000000028b6f4b0, R14=0x0000000028b6f638, R15=0x000000002362d000
RIP=0x0000000003173f18, EFLAGS=0x0000000000010202

Top of Stack: (sp=0x0000000028b6efa8)
0x0000000028b6efa8:   0000000003e72954 0000000000000000
0x0000000028b6efb8:   0000000000000000 0000000000000000
0x0000000028b6efc8:   0000000000000000 0000000000000000
0x0000000028b6efd8:   0000000000000000 0000000000000000
0x0000000028b6efe8:   0000000000000000 0000000000000000
0x0000000028b6eff8:   0000000000000000 0000000000000000
0x0000000028b6f008:   0000000000000000 000000076dd2b4e0
0x0000000028b6f018:   000000076dd2b4c0 000000076dd2b488
0x0000000028b6f028:   000000076dd2b4d0 0000000000000000
0x0000000028b6f038:   0000000000000000 0000000000000000
0x0000000028b6f048:   0000000000000000 0000000000000000
0x0000000028b6f058:   0000000000000000 0000000000000000
0x0000000028b6f068:   0000000000000000 0000000000000000
0x0000000028b6f078:   0000000000000000 0000000028b6f590
0x0000000028b6f088:   0000000003f562c4 0000000000000000
0x0000000028b6f098:   0000000000000000 0000000000000000 

Instructions: (pc=0x0000000003173f18)
0x0000000003173ef8:   00 00 00 00 00 00 00 00 44 8b 52 08 49 c1 e2 03
0x0000000003173f08:   49 3b c2 0f 84 07 00 00 00 e9 4a 20 c7 ff 66 90
0x0000000003173f18:   89 84 24 00 a0 ff ff 55 48 8b ec 48 83 ec 60 48
0x0000000003173f28:   89 54 24 20 48 83 fa 00 48 8d 54 24 20 48 0f 44 


Register to memory mapping:

RAX=0x000000076dd2d898 is an oop
org.apache.tomcat.util.threads.TaskThread 
 - klass: 'org/apache/tomcat/util/threads/TaskThread'
RBX=0x000000076dd2b4e0 is an oop
java.util.concurrent.locks.ReentrantLock$NonfairSync 
 - klass: 'java/util/concurrent/locks/ReentrantLock$NonfairSync'
RCX=0x0000000028b6f660 is pointing into the stack for thread: 0x000000002362d000
RDX=0x000000076dd2d898 is an oop
org.apache.tomcat.util.threads.TaskThread 
 - klass: 'org/apache/tomcat/util/threads/TaskThread'
RSP=0x0000000028b6efa8 is pointing into the stack for thread: 0x000000002362d000
RBP=0x0000000028b6f590 is pointing into the stack for thread: 0x000000002362d000
RSI=0x000000076dd2b4c0 is an oop
java.util.concurrent.atomic.AtomicInteger 
 - klass: 'java/util/concurrent/atomic/AtomicInteger'
RDI=0x000000076dd2b4d0 is an oop
java.util.concurrent.locks.ReentrantLock 
 - klass: 'java/util/concurrent/locks/ReentrantLock'
R8 =0x0000000000000001 is an unknown value
R9 =0x0000000000000001 is an unknown value
R10=0x00000007c0446890 is pointing into metadata
R11=0x00000000000004e8 is an unknown value
R12=0x0000000000000000 is an unknown value
R13=0x0000000028b6f4b0 is pointing into the stack for thread: 0x000000002362d000
R14=0x0000000028b6f638 is pointing into the stack for thread: 0x000000002362d000
R15=0x000000002362d000 is a thread


Stack: [0x0000000028a70000,0x0000000028b70000],  sp=0x0000000028b6efa8,  free space=1019k
Native frames: (J=compiled Java code, j=interpreted, Vv=VM code, C=native code)
C  0x0000000003173f18


---------------  P R O C E S S  ---------------

Java Threads: ( => current thread )
  0x000000002362e000 JavaThread "http-nio-8080-Acceptor" daemon [_thread_in_native, id=7376, stack(0x0000000028c70000,0x0000000028d70000)]
  0x000000002362a000 JavaThread "http-nio-8080-ClientPoller" daemon [_thread_in_native, id=7388, stack(0x0000000028b70000,0x0000000028c70000)]
=>0x000000002362d000 JavaThread "http-nio-8080-exec-10" daemon [_thread_in_Java, id=3352, stack(0x0000000028a70000,0x0000000028b70000)]
  0x0000000023627000 JavaThread "http-nio-8080-exec-9" daemon [_thread_blocked, id=12772, stack(0x0000000028970000,0x0000000028a70000)]
  0x000000002362c000 JavaThread "http-nio-8080-exec-8" daemon [_thread_blocked, id=15532, stack(0x0000000028870000,0x0000000028970000)]
  0x0000000023624800 JavaThread "http-nio-8080-exec-7" daemon [_thread_blocked, id=532, stack(0x0000000028770000,0x0000000028870000)]
  0x0000000023625800 JavaThread "http-nio-8080-exec-6" daemon [_thread_blocked, id=16076, stack(0x0000000028670000,0x0000000028770000)]
  0x000000002362a800 JavaThread "http-nio-8080-exec-5" daemon [_thread_blocked, id=10812, stack(0x0000000028570000,0x0000000028670000)]
  0x0000000023622800 JavaThread "http-nio-8080-exec-4" daemon [_thread_blocked, id=6404, stack(0x0000000028470000,0x0000000028570000)]
  0x000000002341d000 JavaThread "http-nio-8080-exec-3" daemon [_thread_blocked, id=10856, stack(0x0000000028370000,0x0000000028470000)]
  0x000000002341f800 JavaThread "http-nio-8080-exec-2" daemon [_thread_blocked, id=15668, stack(0x0000000028270000,0x0000000028370000)]
  0x0000000023420800 JavaThread "http-nio-8080-exec-1" daemon [_thread_blocked, id=15384, stack(0x0000000028170000,0x0000000028270000)]
  0x000000002341f000 JavaThread "http-nio-8080-BlockPoller" daemon [_thread_in_native, id=19320, stack(0x0000000028070000,0x0000000028170000)]
  0x0000000023422800 JavaThread "spring.cloud.inetutils" daemon [_thread_blocked, id=21160, stack(0x0000000027f70000,0x0000000028070000)]
  0x0000000023422000 JavaThread "File Watcher" daemon [_thread_blocked, id=13804, stack(0x0000000027e70000,0x0000000027f70000)]
  0x0000000023421000 JavaThread "container-14" [_thread_blocked, id=17112, stack(0x0000000027d70000,0x0000000027e70000)]
  0x000000002341c800 JavaThread "Catalina-utility-2" [_thread_blocked, id=6488, stack(0x0000000027c70000,0x0000000027d70000)]
  0x0000000023415000 JavaThread "Catalina-utility-1" [_thread_blocked, id=13284, stack(0x0000000027b70000,0x0000000027c70000)]
  0x000000002341b000 JavaThread "restartedMain" [_thread_in_native, id=19380, stack(0x0000000027870000,0x0000000027970000)]
  0x000000002341b800 JavaThread "Thread-1075" [_thread_blocked, id=1416, stack(0x0000000021c90000,0x0000000021d90000)]
  0x0000000023418800 JavaThread "File Watcher" daemon [_thread_blocked, id=8904, stack(0x0000000027770000,0x0000000027870000)]
  0x0000000023621000 JavaThread "File Watcher" daemon [_thread_blocked, id=11796, stack(0x0000000027470000,0x0000000027570000)]
  0x0000000023621800 JavaThread "File Watcher" daemon [_thread_blocked, id=5956, stack(0x0000000027370000,0x0000000027470000)]
  0x0000000023414000 JavaThread "File Watcher" daemon [_thread_blocked, id=21404, stack(0x0000000025ea0000,0x0000000025fa0000)]
  0x0000000023418000 JavaThread "File Watcher" daemon [_thread_blocked, id=16228, stack(0x0000000025da0000,0x0000000025ea0000)]
  0x0000000023413800 JavaThread "File Watcher" daemon [_thread_blocked, id=18556, stack(0x00000000257a0000,0x00000000258a0000)]
  0x0000000023417000 JavaThread "File Watcher" daemon [_thread_blocked, id=13980, stack(0x00000000256a0000,0x00000000257a0000)]
  0x0000000023416800 JavaThread "File Watcher" daemon [_thread_blocked, id=13548, stack(0x00000000255a0000,0x00000000256a0000)]
  0x0000000023415800 JavaThread "File Watcher" daemon [_thread_blocked, id=21440, stack(0x0000000021d90000,0x0000000021e90000)]
  0x0000000023626000 JavaThread "File Watcher" daemon [_thread_blocked, id=21384, stack(0x00000000254a0000,0x00000000255a0000)]
  0x000000002341a000 JavaThread "File Watcher" daemon [_thread_blocked, id=11792, stack(0x0000000024ea0000,0x0000000024fa0000)]
  0x0000000023419800 JavaThread "File Watcher" daemon [_thread_blocked, id=10752, stack(0x0000000024da0000,0x0000000024ea0000)]
  0x0000000023624000 JavaThread "File Watcher" daemon [_thread_blocked, id=4236, stack(0x0000000024ca0000,0x0000000024da0000)]
  0x000000002361f800 JavaThread "File Watcher" daemon [_thread_blocked, id=4848, stack(0x00000000244a0000,0x00000000245a0000)]
  0x0000000023620000 JavaThread "DestroyJavaVM" [_thread_blocked, id=8876, stack(0x0000000002ba0000,0x0000000002ca0000)]
  0x0000000023141000 JavaThread "Live Reload Server" daemon [_thread_in_native, id=19576, stack(0x00000000245a0000,0x00000000246a0000)]
  0x000000001e914800 JavaThread "Service Thread" daemon [_thread_blocked, id=7452, stack(0x0000000021130000,0x0000000021230000)]
  0x000000001e86b800 JavaThread "C1 CompilerThread11" daemon [_thread_blocked, id=4316, stack(0x0000000021030000,0x0000000021130000)]
  0x000000001e86b000 JavaThread "C1 CompilerThread10" daemon [_thread_blocked, id=5988, stack(0x0000000020f30000,0x0000000021030000)]
  0x000000001e866800 JavaThread "C1 CompilerThread9" daemon [_thread_blocked, id=1648, stack(0x0000000020d30000,0x0000000020e30000)]
  0x000000001e86a000 JavaThread "C1 CompilerThread8" daemon [_thread_blocked, id=11764, stack(0x0000000020c30000,0x0000000020d30000)]
  0x000000001e869800 JavaThread "C2 CompilerThread7" daemon [_thread_blocked, id=12920, stack(0x0000000020b30000,0x0000000020c30000)]
  0x000000001e868800 JavaThread "C2 CompilerThread6" daemon [_thread_blocked, id=15932, stack(0x0000000020a30000,0x0000000020b30000)]
  0x000000001e868000 JavaThread "C2 CompilerThread5" daemon [_thread_blocked, id=2464, stack(0x0000000020930000,0x0000000020a30000)]
  0x000000001e838000 JavaThread "C2 CompilerThread4" daemon [_thread_blocked, id=18712, stack(0x0000000020830000,0x0000000020930000)]
  0x000000001e827000 JavaThread "C2 CompilerThread3" daemon [_thread_blocked, id=13440, stack(0x0000000020730000,0x0000000020830000)]
  0x000000001e824800 JavaThread "C2 CompilerThread2" daemon [_thread_blocked, id=9804, stack(0x0000000020630000,0x0000000020730000)]
  0x000000001e820800 JavaThread "C2 CompilerThread1" daemon [_thread_blocked, id=6460, stack(0x0000000020530000,0x0000000020630000)]
  0x000000001e81f000 JavaThread "C2 CompilerThread0" daemon [_thread_blocked, id=912, stack(0x0000000020430000,0x0000000020530000)]
  0x000000001e81e000 JavaThread "Attach Listener" daemon [_thread_blocked, id=17552, stack(0x0000000020330000,0x0000000020430000)]
  0x000000001e81b800 JavaThread "Signal Dispatcher" daemon [_thread_blocked, id=2820, stack(0x0000000020230000,0x0000000020330000)]
  0x000000001e7b6800 JavaThread "Finalizer" daemon [_thread_blocked, id=18644, stack(0x0000000020010000,0x0000000020110000)]
  0x000000001cd60000 JavaThread "Reference Handler" daemon [_thread_blocked, id=13324, stack(0x000000001ff10000,0x0000000020010000)]

Other Threads:
  0x000000001e794000 VMThread [stack: 0x000000001fe10000,0x000000001ff10000] [id=15744]
  0x000000001e8ff800 WatcherThread [stack: 0x0000000021230000,0x0000000021330000] [id=14220]

VM state:not at safepoint (normal execution)

VM Mutex/Monitor currently owned by a thread: None

Heap:
 PSYoungGen      total 57344K, used 55403K [0x000000076ae00000, 0x000000076ee00000, 0x00000007c0000000)
  eden space 50176K, 98% used [0x000000076ae00000,0x000000076de50ee8,0x000000076df00000)
  from space 7168K, 82% used [0x000000076e700000,0x000000076ecc9f08,0x000000076ee00000)
  to   space 7680K, 0% used [0x000000076df00000,0x000000076df00000,0x000000076e680000)
 ParOldGen       total 159744K, used 24212K [0x00000006c0a00000, 0x00000006ca600000, 0x000000076ae00000)
  object space 159744K, 15% used [0x00000006c0a00000,0x00000006c21a52d0,0x00000006ca600000)
 Metaspace       used 50187K, capacity 62550K, committed 62888K, reserved 1099776K
  class space    used 7221K, capacity 12356K, committed 12456K, reserved 1048576K

Card table byte_map: [0x0000000012160000,0x0000000012960000] byte_map_base: 0x000000000eb5b000

Marking Bits: (ParMarkBitMap*) 0x00000000666ed850
 Begin Bits: [0x0000000013bc0000, 0x0000000017b98000)
 End Bits:   [0x0000000017b98000, 0x000000001bb70000)

Polling page: 0x0000000001240000

CodeCache: size=245760Kb used=28764Kb max_used=28764Kb free=216995Kb
 bounds [0x0000000002da0000, 0x00000000049c0000, 0x0000000011da0000]
 total_blobs=15282 nmethods=14774 adapters=416
 compilation: enabled

Compilation events (10 events):
Event: 29791.681 Thread 0x000000001e86b000 14922       1       org.springframework.web.servlet.resource.PathResourceResolver::encodeIfNecessary (119 bytes)
Event: 29791.682 Thread 0x000000001e86b000 nmethod 14922 0x00000000049b5b10 code [0x00000000049b5d20, 0x00000000049b6458]
Event: 29916.121 Thread 0x000000001e86b800 14923       1       org.apache.tomcat.util.threads.LimitLatch$Sync::tryReleaseShared (13 bytes)
Event: 29916.121 Thread 0x000000001e86b800 nmethod 14923 0x00000000049b6b10 code [0x00000000049b6c60, 0x00000000049b6d90]
Event: 30334.220 Thread 0x000000001e86b000 14924       1       org.springframework.boot.context.config.ConfigDataEnvironment::getIncludedProfiles (108 bytes)
Event: 30334.221 Thread 0x000000001e86b000 nmethod 14924 0x00000000049b6e50 code [0x00000000049b70a0, 0x00000000049b7968]
Event: 30334.223 Thread 0x000000001e86b800 14925       1       org.springframework.boot.context.config.ConfigDataEnvironment::checkForInvalidProperties (36 bytes)
Event: 30334.223 Thread 0x000000001e866800 14926       1       org.springframework.boot.context.config.ConfigDataEnvironment::applyToEnvironment (230 bytes)
Event: 30334.224 Thread 0x000000001e86b800 nmethod 14925 0x00000000049b8350 code [0x00000000049b8500, 0x00000000049b88e8]
Event: 30334.225 Thread 0x000000001e866800 nmethod 14926 0x00000000049b8d10 code [0x00000000049b8fe0, 0x00000000049b9db8]

GC Heap History (10 events):
Event: 30521.447 GC heap before
{Heap before GC invocations=616 (full 147):
 PSYoungGen      total 58368K, used 55466K [0x000000076ae00000, 0x000000076ef80000, 0x00000007c0000000)
  eden space 51712K, 100% used [0x000000076ae00000,0x000000076e080000,0x000000076e080000)
  from space 6656K, 56% used [0x000000076e900000,0x000000076ecaa888,0x000000076ef80000)
  to   space 7680K, 0% used [0x000000076e080000,0x000000076e080000,0x000000076e800000)
 ParOldGen       total 159744K, used 24800K [0x00000006c0a00000, 0x00000006ca600000, 0x000000076ae00000)
  object space 159744K, 15% used [0x00000006c0a00000,0x00000006c2238220,0x00000006ca600000)
 Metaspace       used 50110K, capacity 62430K, committed 62504K, reserved 1099776K
  class space    used 7210K, capacity 12316K, committed 12328K, reserved 1048576K
Event: 30521.449 GC heap after
Heap after GC invocations=616 (full 147):
 PSYoungGen      total 54784K, used 3168K [0x000000076ae00000, 0x000000076ef00000, 0x00000007c0000000)
  eden space 51200K, 0% used [0x000000076ae00000,0x000000076ae00000,0x000000076e000000)
  from space 3584K, 88% used [0x000000076e080000,0x000000076e398000,0x000000076e400000)
  to   space 7680K, 0% used [0x000000076e780000,0x000000076e780000,0x000000076ef00000)
 ParOldGen       total 159744K, used 24800K [0x00000006c0a00000, 0x00000006ca600000, 0x000000076ae00000)
  object space 159744K, 15% used [0x00000006c0a00000,0x00000006c2238220,0x00000006ca600000)
 Metaspace       used 50110K, capacity 62430K, committed 62504K, reserved 1099776K
  class space    used 7210K, capacity 12316K, committed 12328K, reserved 1048576K
}
Event: 30605.730 GC heap before
{Heap before GC invocations=617 (full 147):
 PSYoungGen      total 54784K, used 54368K [0x000000076ae00000, 0x000000076ef00000, 0x00000007c0000000)
  eden space 51200K, 100% used [0x000000076ae00000,0x000000076e000000,0x000000076e000000)
  from space 3584K, 88% used [0x000000076e080000,0x000000076e398000,0x000000076e400000)
  to   space 7680K, 0% used [0x000000076e780000,0x000000076e780000,0x000000076ef00000)
 ParOldGen       total 159744K, used 24800K [0x00000006c0a00000, 0x00000006ca600000, 0x000000076ae00000)
  object space 159744K, 15% used [0x00000006c0a00000,0x00000006c2238220,0x00000006ca600000)
 Metaspace       used 50110K, capacity 62430K, committed 62504K, reserved 1099776K
  class space    used 7210K, capacity 12316K, committed 12328K, reserved 1048576K
Event: 30605.732 GC heap after
Heap after GC invocations=617 (full 147):
 PSYoungGen      total 57856K, used 3168K [0x000000076ae00000, 0x000000076ee80000, 0x00000007c0000000)
  eden space 50688K, 0% used [0x000000076ae00000,0x000000076ae00000,0x000000076df80000)
  from space 7168K, 44% used [0x000000076e780000,0x000000076ea98000,0x000000076ee80000)
  to   space 7680K, 0% used [0x000000076df80000,0x000000076df80000,0x000000076e700000)
 ParOldGen       total 159744K, used 24800K [0x00000006c0a00000, 0x00000006ca600000, 0x000000076ae00000)
  object space 159744K, 15% used [0x00000006c0a00000,0x00000006c2238220,0x00000006ca600000)
 Metaspace       used 50110K, capacity 62430K, committed 62504K, reserved 1099776K
  class space    used 7210K, capacity 12316K, committed 12328K, reserved 1048576K
}
Event: 30620.238 GC heap before
{Heap before GC invocations=618 (full 147):
 PSYoungGen      total 57856K, used 13937K [0x000000076ae00000, 0x000000076ee80000, 0x00000007c0000000)
  eden space 50688K, 21% used [0x000000076ae00000,0x000000076b884480,0x000000076df80000)
  from space 7168K, 44% used [0x000000076e780000,0x000000076ea98000,0x000000076ee80000)
  to   space 7680K, 0% used [0x000000076df80000,0x000000076df80000,0x000000076e700000)
 ParOldGen       total 159744K, used 24800K [0x00000006c0a00000, 0x00000006ca600000, 0x000000076ae00000)
  object space 159744K, 15% used [0x00000006c0a00000,0x00000006c2238220,0x00000006ca600000)
 Metaspace       used 50113K, capacity 62436K, committed 62504K, reserved 1099776K
  class space    used 7211K, capacity 12318K, committed 12328K, reserved 1048576K
Event: 30620.240 GC heap after
Heap after GC invocations=618 (full 147):
 PSYoungGen      total 58368K, used 2656K [0x000000076ae00000, 0x000000076ee80000, 0x00000007c0000000)
  eden space 50688K, 0% used [0x000000076ae00000,0x000000076ae00000,0x000000076df80000)
  from space 7680K, 34% used [0x000000076df80000,0x000000076e218000,0x000000076e700000)
  to   space 7680K, 0% used [0x000000076e700000,0x000000076e700000,0x000000076ee80000)
 ParOldGen       total 159744K, used 24800K [0x00000006c0a00000, 0x00000006ca600000, 0x000000076ae00000)
  object space 159744K, 15% used [0x00000006c0a00000,0x00000006c2238220,0x00000006ca600000)
 Metaspace       used 50113K, capacity 62436K, committed 62504K, reserved 1099776K
  class space    used 7211K, capacity 12318K, committed 12328K, reserved 1048576K
}
Event: 30620.240 GC heap before
{Heap before GC invocations=619 (full 148):
 PSYoungGen      total 58368K, used 2656K [0x000000076ae00000, 0x000000076ee80000, 0x00000007c0000000)
  eden space 50688K, 0% used [0x000000076ae00000,0x000000076ae00000,0x000000076df80000)
  from space 7680K, 34% used [0x000000076df80000,0x000000076e218000,0x000000076e700000)
  to   space 7680K, 0% used [0x000000076e700000,0x000000076e700000,0x000000076ee80000)
 ParOldGen       total 159744K, used 24800K [0x00000006c0a00000, 0x00000006ca600000, 0x000000076ae00000)
  object space 159744K, 15% used [0x00000006c0a00000,0x00000006c2238220,0x00000006ca600000)
 Metaspace       used 50113K, capacity 62436K, committed 62504K, reserved 1099776K
  class space    used 7211K, capacity 12318K, committed 12328K, reserved 1048576K
Event: 30620.312 GC heap after
Heap after GC invocations=619 (full 148):
 PSYoungGen      total 58368K, used 0K [0x000000076ae00000, 0x000000076ee80000, 0x00000007c0000000)
  eden space 50688K, 0% used [0x000000076ae00000,0x000000076ae00000,0x000000076df80000)
  from space 7680K, 0% used [0x000000076df80000,0x000000076df80000,0x000000076e700000)
  to   space 7680K, 0% used [0x000000076e700000,0x000000076e700000,0x000000076ee80000)
 ParOldGen       total 159744K, used 24212K [0x00000006c0a00000, 0x00000006ca600000, 0x000000076ae00000)
  object space 159744K, 15% used [0x00000006c0a00000,0x00000006c21a52d0,0x00000006ca600000)
 Metaspace       used 50110K, capacity 62430K, committed 62504K, reserved 1099776K
  class space    used 7210K, capacity 12316K, committed 12328K, reserved 1048576K
}
Event: 30620.745 GC heap before
{Heap before GC invocations=620 (full 148):
 PSYoungGen      total 58368K, used 50688K [0x000000076ae00000, 0x000000076ee80000, 0x00000007c0000000)
  eden space 50688K, 100% used [0x000000076ae00000,0x000000076df80000,0x000000076df80000)
  from space 7680K, 0% used [0x000000076df80000,0x000000076df80000,0x000000076e700000)
  to   space 7680K, 0% used [0x000000076e700000,0x000000076e700000,0x000000076ee80000)
 ParOldGen       total 159744K, used 24212K [0x00000006c0a00000, 0x00000006ca600000, 0x000000076ae00000)
  object space 159744K, 15% used [0x00000006c0a00000,0x00000006c21a52d0,0x00000006ca600000)
 Metaspace       used 50126K, capacity 62450K, committed 62504K, reserved 1099776K
  class space    used 7213K, capacity 12320K, committed 12328K, reserved 1048576K
Event: 30620.749 GC heap after
Heap after GC invocations=620 (full 148):
 PSYoungGen      total 57344K, used 5927K [0x000000076ae00000, 0x000000076ee00000, 0x00000007c0000000)
  eden space 50176K, 0% used [0x000000076ae00000,0x000000076ae00000,0x000000076df00000)
  from space 7168K, 82% used [0x000000076e700000,0x000000076ecc9f08,0x000000076ee00000)
  to   space 7680K, 0% used [0x000000076df00000,0x000000076df00000,0x000000076e680000)
 ParOldGen       total 159744K, used 24212K [0x00000006c0a00000, 0x00000006ca600000, 0x000000076ae00000)
  object space 159744K, 15% used [0x00000006c0a00000,0x00000006c21a52d0,0x00000006ca600000)
 Metaspace       used 50126K, capacity 62450K, committed 62504K, reserved 1099776K
  class space    used 7213K, capacity 12320K, committed 12328K, reserved 1048576K
}

Deoptimization events (0 events):
No events

Internal exceptions (10 events):
Event: 30620.960 Thread 0x000000002341b000 Exception <a 'java/lang/ArrayIndexOutOfBoundsException'> (0x000000076d679908) thrown at [C:\re\workspace\8-2-build-windows-amd64-cygwin\jdk8u144\9417\hotspot\src\share\vm\runtime\sharedRuntime.cpp, line 605]
Event: 30620.960 Thread 0x000000002341b000 Exception <a 'java/lang/ArrayIndexOutOfBoundsException'> (0x000000076d67fb90) thrown at [C:\re\workspace\8-2-build-windows-amd64-cygwin\jdk8u144\9417\hotspot\src\share\vm\runtime\sharedRuntime.cpp, line 605]
Event: 30620.960 Thread 0x000000002341b000 Exception <a 'java/lang/ArrayIndexOutOfBoundsException'> (0x000000076d689e08) thrown at [C:\re\workspace\8-2-build-windows-amd64-cygwin\jdk8u144\9417\hotspot\src\share\vm\runtime\sharedRuntime.cpp, line 605]
Event: 30620.960 Thread 0x000000002341b000 Exception <a 'java/lang/ArrayIndexOutOfBoundsException'> (0x000000076d68ff30) thrown at [C:\re\workspace\8-2-build-windows-amd64-cygwin\jdk8u144\9417\hotspot\src\share\vm\runtime\sharedRuntime.cpp, line 605]
Event: 30620.961 Thread 0x000000002341b000 Exception <a 'java/lang/ArrayIndexOutOfBoundsException'> (0x000000076d6a7488) thrown at [C:\re\workspace\8-2-build-windows-amd64-cygwin\jdk8u144\9417\hotspot\src\share\vm\runtime\sharedRuntime.cpp, line 605]
Event: 30620.961 Thread 0x000000002341b000 Exception <a 'java/lang/ArrayIndexOutOfBoundsException'> (0x000000076d6bde08) thrown at [C:\re\workspace\8-2-build-windows-amd64-cygwin\jdk8u144\9417\hotspot\src\share\vm\runtime\sharedRuntime.cpp, line 605]
Event: 30620.990 Thread 0x000000002341b000 Exception <a 'java/lang/ArrayIndexOutOfBoundsException'> (0x000000076da1d0f0) thrown at [C:\re\workspace\8-2-build-windows-amd64-cygwin\jdk8u144\9417\hotspot\src\share\vm\runtime\sharedRuntime.cpp, line 605]
Event: 30620.990 Thread 0x000000002341b000 Exception <a 'java/lang/ArrayIndexOutOfBoundsException'> (0x000000076da353e0) thrown at [C:\re\workspace\8-2-build-windows-amd64-cygwin\jdk8u144\9417\hotspot\src\share\vm\runtime\sharedRuntime.cpp, line 605]
Event: 30621.193 Thread 0x000000002341b000 Exception <a 'java/lang/ArrayIndexOutOfBoundsException'> (0x000000076da858a8) thrown at [C:\re\workspace\8-2-build-windows-amd64-cygwin\jdk8u144\9417\hotspot\src\share\vm\runtime\sharedRuntime.cpp, line 605]
Event: 30621.196 Thread 0x000000002341b000 Exception <a 'java/lang/ArrayIndexOutOfBoundsException'> (0x000000076dbb19e0) thrown at [C:\re\workspace\8-2-build-windows-amd64-cygwin\jdk8u144\9417\hotspot\src\share\vm\runtime\sharedRuntime.cpp, line 605]

Events (10 events):
Event: 30621.208 Thread 0x0000000023420800 Thread added: 0x0000000023420800
Event: 30621.208 Thread 0x000000002341f800 Thread added: 0x000000002341f800
Event: 30621.208 Thread 0x000000002341d000 Thread added: 0x000000002341d000
Event: 30621.208 Thread 0x0000000023622800 Thread added: 0x0000000023622800
Event: 30621.208 Thread 0x000000002362a800 Thread added: 0x000000002362a800
Event: 30621.208 Thread 0x0000000023625800 Thread added: 0x0000000023625800
Event: 30621.208 Thread 0x0000000023624800 Thread added: 0x0000000023624800
Event: 30621.208 Thread 0x000000002362c000 Thread added: 0x000000002362c000
Event: 30621.208 Thread 0x0000000023627000 Thread added: 0x0000000023627000
Event: 30621.208 Thread 0x000000002362d000 Thread added: 0x000000002362d000


Dynamic libraries:
0x00007ff707440000 - 0x00007ff707477000 	C:\Program Files\Java\jdk1.8.0_144\jre\bin\java.exe
0x00007ff8a5a10000 - 0x00007ff8a5c06000 	C:\WINDOWS\SYSTEM32\ntdll.dll
0x00007ff8a3d80000 - 0x00007ff8a3e3d000 	C:\WINDOWS\System32\KERNEL32.DLL
0x00007ff8a3640000 - 0x00007ff8a3909000 	C:\WINDOWS\System32\KERNELBASE.dll
0x00007ff8a3f60000 - 0x00007ff8a400c000 	C:\WINDOWS\System32\ADVAPI32.dll
0x00007ff8a3aa0000 - 0x00007ff8a3b3e000 	C:\WINDOWS\System32\msvcrt.dll
0x00007ff8a3ce0000 - 0x00007ff8a3d7c000 	C:\WINDOWS\System32\sechost.dll
0x00007ff8a4560000 - 0x00007ff8a468b000 	C:\WINDOWS\System32\RPCRT4.dll
0x00007ff8a3b40000 - 0x00007ff8a3ce0000 	C:\WINDOWS\System32\USER32.dll
0x00007ff8a35e0000 - 0x00007ff8a3602000 	C:\WINDOWS\System32\win32u.dll
0x00007ff8a4250000 - 0x00007ff8a427a000 	C:\WINDOWS\System32\GDI32.dll
0x00007ff8a3910000 - 0x00007ff8a3a19000 	C:\WINDOWS\System32\gdi32full.dll
0x00007ff8a33e0000 - 0x00007ff8a347d000 	C:\WINDOWS\System32\msvcp_win.dll
0x00007ff8a3150000 - 0x00007ff8a3250000 	C:\WINDOWS\System32\ucrtbase.dll
0x00007ff88f970000 - 0x00007ff88fc0b000 	C:\WINDOWS\WinSxS\amd64_microsoft.windows.common-controls_6595b64144ccf1df_6.0.19041.488_none_ca04af081b815d21\COMCTL32.dll
0x00007ff8a3a70000 - 0x00007ff8a3aa0000 	C:\WINDOWS\System32\IMM32.DLL
0x0000000066770000 - 0x0000000066842000 	C:\Program Files\Java\jdk1.8.0_144\jre\bin\msvcr100.dll
0x0000000065ed0000 - 0x000000006676d000 	C:\Program Files\Java\jdk1.8.0_144\jre\bin\server\jvm.dll
0x00007ff8a4410000 - 0x00007ff8a4418000 	C:\WINDOWS\System32\PSAPI.DLL
0x00007ff897e60000 - 0x00007ff897e87000 	C:\WINDOWS\SYSTEM32\WINMM.dll
0x00007ff891070000 - 0x00007ff891079000 	C:\WINDOWS\SYSTEM32\WSOCK32.dll
0x00007ff897cc0000 - 0x00007ff897cca000 	C:\WINDOWS\SYSTEM32\VERSION.dll
0x00007ff8a5480000 - 0x00007ff8a54eb000 	C:\WINDOWS\System32\WS2_32.dll
0x0000000067b40000 - 0x0000000067b4f000 	C:\Program Files\Java\jdk1.8.0_144\jre\bin\verify.dll
0x0000000067b10000 - 0x0000000067b39000 	C:\Program Files\Java\jdk1.8.0_144\jre\bin\java.dll
0x0000000067af0000 - 0x0000000067b06000 	C:\Program Files\Java\jdk1.8.0_144\jre\bin\zip.dll
0x00007ff8a4d30000 - 0x00007ff8a5472000 	C:\WINDOWS\System32\SHELL32.dll
0x00007ff8a1280000 - 0x00007ff8a1a15000 	C:\WINDOWS\SYSTEM32\windows.storage.dll
0x00007ff8a4770000 - 0x00007ff8a4ac6000 	C:\WINDOWS\System32\combase.dll
0x00007ff8a2af0000 - 0x00007ff8a2b1c000 	C:\WINDOWS\SYSTEM32\Wldp.dll
0x00007ff8a4290000 - 0x00007ff8a433e000 	C:\WINDOWS\System32\SHCORE.dll
0x00007ff8a54f0000 - 0x00007ff8a5545000 	C:\WINDOWS\System32\shlwapi.dll
0x00007ff8a3080000 - 0x00007ff8a30a6000 	C:\WINDOWS\SYSTEM32\profapi.dll
0x0000000067ad0000 - 0x0000000067aea000 	C:\Program Files\Java\jdk1.8.0_144\jre\bin\net.dll
0x00007ff8a28e0000 - 0x00007ff8a294a000 	C:\WINDOWS\system32\mswsock.dll
0x00007ff8a2580000 - 0x00007ff8a25bb000 	C:\WINDOWS\SYSTEM32\IPHLPAPI.DLL
0x00007ff8a5550000 - 0x00007ff8a5558000 	C:\WINDOWS\System32\NSI.dll
0x00007ff89d1f0000 - 0x00007ff89d207000 	C:\WINDOWS\SYSTEM32\dhcpcsvc6.DLL
0x00007ff89d050000 - 0x00007ff89d06d000 	C:\WINDOWS\SYSTEM32\dhcpcsvc.DLL
0x00007ff8a25c0000 - 0x00007ff8a268b000 	C:\WINDOWS\SYSTEM32\DNSAPI.dll
0x00007ff89b100000 - 0x00007ff89b10a000 	C:\Windows\System32\rasadhlp.dll
0x00007ff89c700000 - 0x00007ff89c77f000 	C:\WINDOWS\System32\fwpuclnt.dll
0x00007ff8a3610000 - 0x00007ff8a3637000 	C:\WINDOWS\System32\bcrypt.dll
0x0000000067aa0000 - 0x0000000067aad000 	C:\Program Files\Java\jdk1.8.0_144\jre\bin\management.dll
0x00007ff8853b0000 - 0x00007ff8853c7000 	C:\WINDOWS\system32\napinsp.dll
0x00007ff885390000 - 0x00007ff8853ab000 	C:\WINDOWS\system32\pnrpnsp.dll
0x00007ff885fb0000 - 0x00007ff885fc5000 	C:\WINDOWS\system32\wshbth.dll
0x00007ff89ed50000 - 0x00007ff89ed6d000 	C:\WINDOWS\system32\NLAapi.dll
0x00007ff885dc0000 - 0x00007ff885dd2000 	C:\WINDOWS\System32\winrnr.dll
0x0000000067ab0000 - 0x0000000067ac1000 	C:\Program Files\Java\jdk1.8.0_144\jre\bin\nio.dll
0x00007ff8a2b30000 - 0x00007ff8a2b48000 	C:\WINDOWS\SYSTEM32\CRYPTSP.dll
0x00007ff8a21c0000 - 0x00007ff8a21f4000 	C:\WINDOWS\system32\rsaenh.dll
0x00007ff8a3040000 - 0x00007ff8a306e000 	C:\WINDOWS\SYSTEM32\USERENV.dll
0x00007ff8a32b0000 - 0x00007ff8a3330000 	C:\WINDOWS\System32\bcryptprimitives.dll
0x00007ff8a2a60000 - 0x00007ff8a2a6c000 	C:\WINDOWS\SYSTEM32\CRYPTBASE.dll
0x0000000065ea0000 - 0x0000000065ec4000 	C:\Program Files\Java\jdk1.8.0_144\jre\bin\sunec.dll
0x0000000067a90000 - 0x0000000067a9b000 	C:\Program Files\Java\jdk1.8.0_144\jre\bin\sunmscapi.dll
0x00007ff8a3480000 - 0x00007ff8a35dd000 	C:\WINDOWS\System32\CRYPT32.dll
0x00007ff89a6e0000 - 0x00007ff89a8c4000 	C:\WINDOWS\SYSTEM32\dbghelp.dll

VM Arguments:
jvm_args: -Xverify:none -XX:TieredStopAtLevel=1 
java_command: com.pindaro.weatherbulletin.WeatherbulletinApplication
java_class_path (initial): C:\Users\cuore\Desktop\weatherbullettin\target\classes;C:\Users\cuore\.m2\repository\ch\qos\logback\logback-classic\1.2.3\logback-classic-1.2.3.jar;C:\Users\cuore\.m2\repository\ch\qos\logback\logback-core\1.2.3\logback-core-1.2.3.jar;C:\Users\cuore\.m2\repository\org\apache\logging\log4j\log4j-to-slf4j\2.13.3\log4j-to-slf4j-2.13.3.jar;C:\Users\cuore\.m2\repository\org\apache\logging\log4j\log4j-api\2.13.3\log4j-api-2.13.3.jar;C:\Users\cuore\.m2\repository\org\slf4j\jul-to-slf4j\1.7.30\jul-to-slf4j-1.7.30.jar;C:\Users\cuore\.m2\repository\jakarta\annotation\jakarta.annotation-api\1.3.5\jakarta.annotation-api-1.3.5.jar;C:\Users\cuore\.m2\repository\org\yaml\snakeyaml\1.27\snakeyaml-1.27.jar;C:\Users\cuore\.m2\repository\com\fasterxml\jackson\core\jackson-databind\2.11.3\jackson-databind-2.11.3.jar;C:\Users\cuore\.m2\repository\com\fasterxml\jackson\core\jackson-core\2.11.3\jackson-core-2.11.3.jar;C:\Users\cuore\.m2\repository\com\fasterxml\jackson\datatype\jackson-datatype-jdk8\2.11.3\jackson-datatype-jdk8-2.11.3.jar;C:\Users\cuore\.m2\repository\com\fasterxml\jackson\datatype\jackson-datatype-jsr310\2.11.3\jackson-datatype-jsr310-2.11.3.jar;C:\Users\cuore\.m2\repository\com\fasterxml\jackson\module\jackson-module-parameter-names\2.11.3\jackson-module-parameter-names-2.11.3.jar;C:\Users\cuore\.m2\repository\org\apache\tomcat\embed\tomcat-embed-core\9.0.41\tomcat-embed-core-9.0.41.jar;C:\Users\cuore\.m2\repository\org\glassfish\jakarta.el\3.0.3\jakarta.el-3.0.3.jar;C:\Users\cuore\.m2\repository\org\apache\tomcat\embed\tomcat-embed-websocket\9.0.41\tomcat-embed-websocket-9.0.41.jar;C:\Users\cuore\.m2\repository\org\springframework\spring-web\5.3.2\spring-web-5.3.2.jar;C:\Users\cuore\.m2\repository\org\springframework\spring-beans\5.3.2\spring-beans-5.3.2.jar;C:\Users\cuore\.m2\repository\org\springframework\spring-webmvc\5.3.2\spring-webmvc-5.3.2.jar;C:\Users\cuore\.m2\repository\org\springframework\spring-aop\5.3.2\spring-aop-5.3.2.jar;C:\
Launcher Type: SUN_STANDARD

Environment Variables:
JAVA_HOME=C:/Program Files/Java/jdk1.8.0_144
PATH=C:\Users\cuore\bin;C:\Program Files\Git\mingw64\bin;C:\Program Files\Git\usr\local\bin;C:\Program Files\Git\usr\bin;C:\Program Files\Git\usr\bin;C:\Program Files\Git\mingw64\bin;C:\Program Files\Git\usr\bin;C:\Users\cuore\bin;C:\programdata\oracle\java\javapath;C:\windows\system32;C:\windows;C:\windows\system32\wbem;C:\windows\system32\windowspowershell\v1.0;C:\windows\system32\openssh;C:\program files (x86)\calibre2;D:\Brackets\command;C:\Program Files\nodejs;C:\ProgramData\chocolatey\bin;C:\Program Files\TortoiseSVN\bin;C:\ProgramData\chocolatey\lib\maven\apache-maven-3.6.3\bin;C:\WINDOWS\system32;C:\WINDOWS;C:\WINDOWS\System32\Wbem;C:\WINDOWS\System32\WindowsPowerShell\v1.0;C:\WINDOWS\System32\OpenSSH;C:\Program Files\Docker\Docker\resources\bin;C:\ProgramData\DockerDesktop\version-bin;C:\Program Files\Git\cmd;C:\Users\cuore\AppData\Local\Microsoft\WindowsApps;C:\Users\cuore\AppData\Roaming\npm;C:\Users\cuore\AppData\Local\Programs\Microsoft VS Code\bin;C:\Program Files\TortoiseSVN\bin;C:\Users\cuore\.deno\bin;C:\Program Files\Git\usr\bin\vendor_perl;C:\Program Files\Git\usr\bin\core_perl
USERNAME=cuore
SHELL=C:\Program Files\Git\usr\bin\bash.exe
DISPLAY=needs-to-be-defined
OS=Windows_NT
PROCESSOR_IDENTIFIER=AMD64 Family 23 Model 1 Stepping 1, AuthenticAMD



---------------  S Y S T E M  ---------------

OS: Windows 10.0 , 64 bit Build 19041 (10.0.19041.662)

CPU:total 16 (initial active 16) (16 cores per cpu, 1 threads per core) family 23 model 1 stepping 1, cmov, cx8, fxsr, mmx, sse, sse2, sse3, ssse3, sse4.1, sse4.2, popcnt, avx, avx2, aes, clmul, mmxext, 3dnowpref, lzcnt, sse4a, tsc, tscinvbit, tscinv, bmi1

Memory: 4k page, physical 16728316k(5694708k free), swap 16728316k(12k free)

vm_info: Java HotSpot(TM) 64-Bit Server VM (25.144-b01) for windows-amd64 JRE (1.8.0_144-b01), built on Jul 21 2017 21:57:33 by "java_re" with MS VC++ 10.0 (VS2010)

time: Sun Dec 13 22:18:59 2020
elapsed time: 30621 seconds (0d 8h 30m 21s)

